[2000-01-01 00:00:00]: OUGA
[2000-01-01 00:00:00]: OUGA
[2000-01-01 00:00:00]: OUGA
[2022-07-03 13:16:13]: OUGA
[2022-07-03 13:16:19]: OUGA
[2022-07-05 18:42:36]: Error with DB Connection, could not find driver
[2022-07-05 18:43:56]: Error with DB Connection, could not find driver
[2022-07-05 18:44:15]: Error with DB Connection, could not find driver
[2022-07-05 18:44:17]: Error with DB Connection, could not find driver
[2022-07-05 18:44:17]: Error with DB Connection, could not find driver
[2022-07-05 18:44:17]: Error while fetching articles.
[2022-07-05 18:44:17]: Error with DB Connection, could not find driver
[2022-07-05 18:44:23]: Error while fetching certifications.
[2022-07-05 18:44:23]: Error with DB Connection, could not find driver
[2022-07-05 18:44:25]: Error with DB Connection, could not find driver
[2022-07-05 18:44:26]: Error with DB Connection, could not find driver
[2022-07-05 18:44:33]: Error while fetching articles.
[2022-07-05 18:44:33]: Error with DB Connection, could not find driver
[2022-07-05 18:44:43]: Error with DB Connection, could not find driver
[2022-07-05 18:45:12]: Error while fetching articles.
[2022-07-05 18:45:12]: Error with DB Connection, could not find driver
[2022-07-05 18:45:13]: Error with DB Connection, could not find driver
[2022-07-05 18:45:14]: Error while fetching articles.
[2022-07-05 18:45:14]: Error with DB Connection, could not find driver
[2022-07-05 18:45:15]: Error with DB Connection, could not find driver
[2022-07-05 18:45:19]: Error with DB Connection, could not find driver
[2022-07-05 18:46:12]: Error with DB Connection, could not find driver
[2022-07-05 18:46:26]: Error with DB Connection, could not find driver
[2022-07-05 18:46:55]: Error with DB Connection, could not find driver
[2022-07-05 18:47:16]: Error with DB Connection, could not find driver
[2022-07-05 18:47:35]: Error with DB Connection, could not find driver
[2022-07-05 18:47:47]: Error with DB Connection, could not find driver
[2022-07-05 18:49:15]: Error with DB Connection, could not find driver
[2022-07-05 18:49:16]: Error with DB Connection, could not find driver
[2022-07-05 18:49:44]: Error with DB Connection, could not find driver
[2022-07-05 18:49:53]: Error with DB Connection, could not find driver
[2022-07-05 18:50:02]: Error with DB Connection, could not find driver
[2022-07-05 18:53:30]: Error with DB Connection, could not find driver
[2022-07-05 18:53:31]: Error with DB Connection, could not find driver
[2022-07-05 18:53:31]: Error with DB Connection, could not find driver
[2022-07-05 18:53:31]: Error with DB Connection, could not find driver
[2022-07-05 18:53:34]: Error with DB Connection, could not find driver
[2022-07-05 18:54:26]: Error with DB Connection, could not find driver
[2022-07-05 18:55:19]: Error with DB Connection, could not find driver
[2022-07-05 18:55:43]: Error with DB Connection, could not find driver
[2022-07-05 18:55:45]: Error with DB Connection, could not find driver
[2022-07-05 18:56:05]: Error with DB Connection, could not find driver
[2022-07-05 18:56:08]: Error with DB Connection, could not find driver
[2022-07-05 18:56:09]: Error with DB Connection, could not find driver
[2022-07-05 18:56:11]: Error with DB Connection, could not find driver
[2022-07-05 18:56:13]: Error with DB Connection, could not find driver
[2022-07-05 18:56:15]: Error with DB Connection, could not find driver
[2022-07-05 18:56:16]: Error with DB Connection, could not find driver
[2022-07-05 19:00:04]: Error with DB Connection, could not find driver
[2022-07-05 19:00:07]: Error with DB Connection, could not find driver
[2022-07-05 19:04:01]: Error with DB Connection, could not find driver
[2022-07-05 19:04:28]: Error with DB Connection, could not find driver
[2022-07-05 19:04:29]: Error with DB Connection, could not find driver
[2022-07-05 19:05:05]: Error with DB Connection, could not find driver
[2022-07-05 19:05:25]: Error with DB Connection, could not find driver
[2022-07-05 19:05:30]: Error with DB Connection, could not find driver
[2022-07-05 19:05:40]: Error with DB Connection, could not find driver
[2022-07-05 19:05:41]: Error with DB Connection, could not find driver
[2022-07-05 19:05:41]: Error with DB Connection, could not find driver
[2022-07-05 19:05:41]: Error with DB Connection, could not find driver
[2022-07-05 19:05:42]: Error with DB Connection, could not find driver
[2022-07-05 19:05:43]: Error with DB Connection, could not find driver
[2022-07-05 19:05:43]: Error with DB Connection, could not find driver
[2022-07-05 19:05:43]: Error with DB Connection, could not find driver
[2022-07-05 19:05:44]: Error with DB Connection, could not find driver
[2022-07-05 19:05:51]: Error with DB Connection, could not find driver
[2022-07-05 19:06:03]: Error with DB Connection, could not find driver
[2022-07-05 19:06:48]: Error with DB Connection, could not find driver
[2022-07-05 19:08:08]: Error with DB Connection, could not find driver
[2022-07-05 19:08:18]: Error with DB Connection, could not find driver
[2022-07-05 19:09:12]: Error with DB Connection, could not find driver
[2022-07-05 19:09:23]: Error with DB Connection, could not find driver
[2022-07-05 19:10:02]: Error with DB Connection, could not find driver
[2022-07-05 19:10:06]: Error with DB Connection, could not find driver
[2022-07-05 19:10:14]: Error with DB Connection, could not find driver
[2022-07-05 19:10:23]: Error with DB Connection, could not find driver
[2022-07-05 19:11:36]: Error with DB Connection, could not find driver
[2022-07-05 19:11:40]: Error with DB Connection, could not find driver
[2022-07-05 19:11:40]: Error with DB Connection, could not find driver
[2022-07-05 19:11:42]: Error with DB Connection, could not find driver
[2022-07-05 19:11:53]: Error with DB Connection, could not find driver
[2022-07-05 19:12:50]: Error with DB Connection, could not find driver
[2022-07-05 19:13:06]: Error with DB Connection, could not find driver
[2022-07-05 19:13:07]: Error with DB Connection, could not find driver
[2022-07-05 19:19:13]: Error with DB Connection, could not find driver
[2022-07-05 19:19:21]: Error with DB Connection, could not find driver
[2022-07-05 19:19:43]: Error with DB Connection, could not find driver
[2022-07-05 19:19:57]: Error with DB Connection, could not find driver
[2022-07-05 19:23:50]: Error with DB Connection, could not find driver
[2022-07-05 19:24:36]: Error with DB Connection, could not find driver
[2022-07-05 19:25:21]: Error with DB Connection, could not find driver
[2022-07-05 19:26:17]: Error with DB Connection, could not find driver
[2022-07-05 19:26:21]: Error with DB Connection, could not find driver
[2022-07-05 19:26:36]: Error with DB Connection, could not find driver
[2022-07-05 19:27:23]: Error with DB Connection, could not find driver
[2022-07-05 19:27:24]: Error with DB Connection, could not find driver
[2022-07-05 19:28:09]: Error with DB Connection, could not find driver
[2022-07-05 19:29:10]: Error with DB Connection, could not find driver
[2022-07-05 19:29:21]: Error with DB Connection, could not find driver
[2022-07-05 19:29:32]: Error with DB Connection, could not find driver
[2022-07-05 19:30:34]: Error with DB Connection, could not find driver
[2022-07-05 19:30:36]: Error with DB Connection, could not find driver
[2022-07-05 19:30:40]: Error with DB Connection, could not find driver
[2022-07-05 19:44:13]: Error with DB Connection, could not find driver
[2022-07-05 19:44:14]: Error with DB Connection, could not find driver
[2022-07-05 19:44:19]: Error with DB Connection, could not find driver
[2022-07-05 19:44:59]: Error with DB Connection, could not find driver
[2022-07-05 19:45:12]: Error with DB Connection, could not find driver
[2022-07-05 19:45:13]: Error with DB Connection, could not find driver
[2022-07-05 19:45:14]: Error with DB Connection, could not find driver
[2022-07-05 19:45:58]: Error with DB Connection, could not find driver
[2022-07-05 19:46:56]: Error with DB Connection, could not find driver
[2022-07-05 19:46:57]: Error with DB Connection, could not find driver
[2022-07-05 19:46:59]: Error with DB Connection, could not find driver
[2022-07-05 19:51:10]: Error with DB Connection, could not find driver
[2022-07-05 19:51:11]: Error with DB Connection, could not find driver
[2022-07-05 19:51:31]: Error with DB Connection, could not find driver
[2022-07-05 19:51:32]: Error with DB Connection, could not find driver
[2022-07-05 19:52:10]: Error with DB Connection, could not find driver
[2022-07-05 19:52:10]: Error with DB Connection, could not find driver
[2022-07-05 19:52:47]: Error with DB Connection, could not find driver
[2022-07-05 19:52:47]: Error with DB Connection, could not find driver
[2022-07-05 19:53:06]: Error with DB Connection, could not find driver
[2022-07-05 19:53:06]: Error with DB Connection, could not find driver
[2022-07-05 19:53:42]: Error with DB Connection, could not find driver
[2022-07-05 19:53:42]: Error with DB Connection, could not find driver
[2022-07-05 19:54:09]: Error with DB Connection, could not find driver
[2022-07-05 19:54:09]: Error with DB Connection, could not find driver
[2022-07-05 19:54:51]: Error with DB Connection, could not find driver
[2022-07-05 19:54:51]: Error with DB Connection, could not find driver
[2022-07-05 19:54:54]: Error with DB Connection, could not find driver
[2022-07-05 19:54:54]: Error with DB Connection, could not find driver
[2022-07-05 19:54:54]: Error with DB Connection, could not find driver
[2022-07-05 19:54:56]: Error with DB Connection, could not find driver
[2022-07-05 19:54:57]: Error with DB Connection, could not find driver
[2022-07-05 19:55:00]: Error with DB Connection, could not find driver
[2022-07-05 19:55:09]: Error with DB Connection, could not find driver
[2022-07-05 19:55:11]: Error with DB Connection, could not find driver
[2022-07-05 19:55:11]: Error with DB Connection, could not find driver
[2022-07-05 19:55:11]: Error with DB Connection, could not find driver
[2022-07-05 19:55:13]: Error with DB Connection, could not find driver
[2022-07-05 19:55:17]: Error with DB Connection, could not find driver
[2022-07-05 19:55:20]: Error with DB Connection, could not find driver
[2022-07-05 19:55:20]: Error with DB Connection, could not find driver
[2022-07-05 19:55:43]: Error with DB Connection, could not find driver
[2022-07-05 19:55:43]: Error with DB Connection, could not find driver
[2022-07-05 19:55:46]: Error with DB Connection, could not find driver
[2022-07-05 19:55:46]: Error with DB Connection, could not find driver
[2022-07-05 19:55:53]: Error with DB Connection, could not find driver
[2022-07-05 19:55:53]: Error with DB Connection, could not find driver
[2022-07-05 19:55:54]: Error with DB Connection, could not find driver
[2022-07-05 19:55:54]: Error with DB Connection, could not find driver
[2022-07-05 19:56:33]: Error with DB Connection, could not find driver
[2022-07-05 19:56:33]: Error with DB Connection, could not find driver
[2022-07-05 19:56:44]: Error with DB Connection, could not find driver
[2022-07-05 19:56:44]: Error with DB Connection, could not find driver
[2022-07-05 19:57:13]: Error with DB Connection, could not find driver
[2022-07-05 19:57:13]: Error with DB Connection, could not find driver
[2022-07-05 19:59:18]: Error with DB Connection, could not find driver
[2022-07-05 19:59:18]: Error with DB Connection, could not find driver
[2022-07-05 19:59:29]: Error with DB Connection, could not find driver
[2022-07-05 19:59:29]: Error with DB Connection, could not find driver
[2022-07-05 19:59:30]: Error with DB Connection, could not find driver
[2022-07-05 19:59:30]: Error with DB Connection, could not find driver
[2022-07-05 19:59:31]: Error with DB Connection, could not find driver
[2022-07-05 19:59:31]: Error with DB Connection, could not find driver
[2022-07-05 19:59:43]: Error with DB Connection, could not find driver
[2022-07-05 19:59:43]: Error with DB Connection, could not find driver
[2022-07-05 20:00:30]: Error with DB Connection, could not find driver
[2022-07-05 20:00:30]: Error with DB Connection, could not find driver
[2022-07-05 20:00:31]: Error with DB Connection, could not find driver
[2022-07-05 20:00:31]: Error with DB Connection, could not find driver
[2022-07-05 20:00:32]: Error with DB Connection, could not find driver
[2022-07-05 20:00:32]: Error with DB Connection, could not find driver
[2022-07-05 20:00:32]: Error with DB Connection, could not find driver
[2022-07-05 20:00:32]: Error with DB Connection, could not find driver
[2022-07-05 20:01:02]: Error with DB Connection, could not find driver
[2022-07-05 20:01:20]: Error with DB Connection, could not find driver
[2022-07-05 20:03:24]: Error with DB Connection, could not find driver
[2022-07-05 20:05:09]: Error with DB Connection, could not find driver
[2022-07-05 20:05:25]: Error with DB Connection, could not find driver
[2022-07-05 20:05:46]: Error with DB Connection, could not find driver
[2022-07-05 20:05:52]: Error with DB Connection, could not find driver
[2022-07-05 20:05:52]: Error with DB Connection, could not find driver
[2022-07-05 20:05:52]: Error with DB Connection, could not find driver
[2022-07-05 20:05:56]: Error with DB Connection, could not find driver
[2022-07-05 20:05:58]: Error with DB Connection, could not find driver
[2022-07-05 20:05:59]: Error with DB Connection, could not find driver
[2022-07-05 20:06:03]: Error with DB Connection, could not find driver
[2022-07-05 20:06:04]: Error with DB Connection, could not find driver
[2022-07-05 20:06:09]: Error with DB Connection, could not find driver
[2022-07-05 20:06:40]: Error with DB Connection, could not find driver
[2022-07-05 20:06:46]: Error with DB Connection, could not find driver
[2022-07-05 20:06:56]: Error with DB Connection, could not find driver
[2022-07-05 20:07:06]: Error with DB Connection, could not find driver
[2022-07-05 20:07:12]: Error with DB Connection, could not find driver
[2022-07-05 20:07:16]: Error with DB Connection, could not find driver
[2022-07-05 20:07:22]: Error with DB Connection, could not find driver
[2022-07-05 20:08:43]: Error with DB Connection, could not find driver
[2022-07-05 20:08:44]: Error with DB Connection, could not find driver
[2022-07-05 20:09:44]: Error with DB Connection, could not find driver
[2022-07-05 20:10:51]: Error with DB Connection, could not find driver
[2022-07-05 20:11:02]: Error with DB Connection, could not find driver
[2022-07-05 20:11:16]: Error with DB Connection, could not find driver
[2022-07-05 20:11:32]: Error with DB Connection, could not find driver
[2022-07-05 20:11:33]: Error with DB Connection, could not find driver
[2022-07-05 20:11:40]: Error with DB Connection, could not find driver
[2022-07-05 20:11:48]: Error with DB Connection, could not find driver
[2022-07-05 20:17:47]: Error with DB Connection, could not find driver
[2022-07-05 20:18:07]: Error with DB Connection, could not find driver
[2022-07-05 20:18:08]: Error with DB Connection, could not find driver
[2022-07-05 20:18:10]: Error with DB Connection, could not find driver
[2022-07-05 20:18:30]: Error with DB Connection, could not find driver
[2022-07-05 20:19:25]: Error with DB Connection, could not find driver
[2022-07-05 20:19:37]: Error with DB Connection, could not find driver
[2022-07-05 20:19:53]: Error with DB Connection, could not find driver
[2022-07-05 20:19:57]: Error with DB Connection, could not find driver
[2022-07-05 20:20:55]: Error with DB Connection, could not find driver
[2022-07-05 20:21:14]: Error with DB Connection, could not find driver
[2022-07-05 20:21:47]: Error with DB Connection, could not find driver
[2022-07-05 20:22:14]: Error with DB Connection, could not find driver
[2022-07-05 20:23:59]: Error with DB Connection, could not find driver
[2022-07-05 20:24:37]: Error with DB Connection, could not find driver
[2022-07-05 20:25:35]: Error with DB Connection, could not find driver
[2022-07-05 20:25:42]: Error with DB Connection, could not find driver
[2022-07-05 20:25:43]: Error with DB Connection, could not find driver
[2022-07-05 20:26:19]: Error with DB Connection, could not find driver
[2022-07-05 20:27:00]: Error with DB Connection, could not find driver
[2022-07-05 20:27:20]: Error with DB Connection, could not find driver
[2022-07-05 20:28:27]: Error with DB Connection, could not find driver
[2022-07-05 20:29:49]: Error with DB Connection, could not find driver
[2022-07-05 20:30:06]: Error with DB Connection, could not find driver
[2022-07-05 20:32:13]: Error with DB Connection, could not find driver
[2022-07-05 20:33:35]: Error with DB Connection, could not find driver
[2022-07-05 20:34:15]: Error with DB Connection, could not find driver
[2022-07-05 20:34:55]: Error with DB Connection, could not find driver
[2022-07-05 20:35:04]: Error with DB Connection, could not find driver
[2022-07-05 20:36:15]: Error with DB Connection, could not find driver
[2022-07-05 20:37:11]: Error with DB Connection, could not find driver
[2022-07-05 20:41:22]: Error with DB Connection, could not find driver
[2022-07-05 20:43:25]: Error with DB Connection, could not find driver
[2022-07-05 20:46:42]: Error with DB Connection, could not find driver
[2022-07-05 20:46:42]: Error with DB Connection, could not find driver
[2022-07-05 20:46:42]: Error with DB Connection, could not find driver
[2022-07-05 20:46:46]: Error with DB Connection, could not find driver
[2022-07-05 20:46:48]: Error with DB Connection, could not find driver
[2022-07-05 20:46:51]: Error with DB Connection, could not find driver
[2022-07-05 20:46:53]: Error with DB Connection, could not find driver
[2022-07-05 20:47:21]: Error with DB Connection, could not find driver
[2022-07-05 20:47:29]: Error with DB Connection, could not find driver
[2022-07-05 20:48:42]: Error with DB Connection, could not find driver
[2022-07-05 20:49:17]: Error with DB Connection, could not find driver
[2022-07-05 20:49:19]: Error with DB Connection, could not find driver
[2022-07-05 20:49:30]: Error with DB Connection, could not find driver
[2022-07-05 20:49:31]: Error with DB Connection, could not find driver
[2022-07-05 20:49:31]: Error with DB Connection, could not find driver
[2022-07-05 20:49:32]: Error with DB Connection, could not find driver
[2022-07-05 20:49:44]: Error with DB Connection, could not find driver
[2022-07-05 20:51:30]: Error with DB Connection, could not find driver
[2022-07-05 20:53:51]: Error with DB Connection, could not find driver
[2022-07-05 20:54:28]: Error with DB Connection, could not find driver
[2022-07-05 21:01:10]: Error with DB Connection, could not find driver
[2022-07-05 21:01:38]: Error with DB Connection, could not find driver
[2022-07-05 21:03:19]: Error with DB Connection, could not find driver
[2022-07-05 21:04:00]: Error with DB Connection, could not find driver
[2022-07-05 21:04:01]: Error with DB Connection, could not find driver
[2022-07-05 21:04:01]: Error with DB Connection, could not find driver
[2022-07-05 21:04:03]: Error with DB Connection, could not find driver
[2022-07-05 21:04:48]: Error with DB Connection, could not find driver
[2022-07-05 21:05:53]: Error with DB Connection, could not find driver
[2022-07-05 21:06:55]: Error with DB Connection, could not find driver
[2022-07-05 21:07:46]: Error with DB Connection, could not find driver
[2022-07-05 21:08:17]: Error with DB Connection, could not find driver
[2022-07-05 21:08:28]: Error with DB Connection, could not find driver
[2022-07-05 21:09:31]: Error with DB Connection, could not find driver
[2022-07-05 21:10:20]: Error with DB Connection, could not find driver
[2022-07-05 21:11:13]: Error with DB Connection, could not find driver
[2022-07-05 21:11:37]: Error with DB Connection, could not find driver
[2022-07-05 21:11:50]: Error with DB Connection, could not find driver
[2022-07-05 21:12:18]: Error with DB Connection, could not find driver
[2022-07-05 21:12:36]: Error with DB Connection, could not find driver
[2022-07-05 21:12:50]: Error with DB Connection, could not find driver
[2022-07-05 21:14:32]: Error with DB Connection, could not find driver
[2022-07-06 17:52:07]: Error with DB Connection, could not find driver
[2022-07-06 17:52:12]: Error with DB Connection, could not find driver
[2022-07-06 17:52:18]: Error with DB Connection, could not find driver
[2022-07-06 17:52:53]: An Bot has been detected.
[2022-07-06 17:52:54]: Error with DB Connection, could not find driver
[2022-07-06 17:53:02]: Error with DB Connection, could not find driver
[2022-07-06 17:53:06]: An Bot has been detected.
[2022-07-06 17:53:06]: Error with DB Connection, could not find driver
[2022-07-06 17:53:09]: Error with DB Connection, could not find driver
[2022-07-06 17:53:15]: Error with DB Connection, could not find driver
[2022-07-06 17:53:22]: Error with DB Connection, could not find driver
[2022-07-06 17:53:35]: Error with DB Connection, could not find driver
[2022-07-06 17:53:52]: Error with DB Connection, could not find driver
[2022-07-06 17:53:54]: Error with DB Connection, could not find driver
[2022-07-06 17:57:30]: Error with DB Connection, could not find driver
[2022-07-06 17:59:34]: Error with DB Connection, could not find driver
[2022-07-06 18:00:02]: Error with DB Connection, could not find driver
[2022-07-06 18:00:38]: Error with DB Connection, could not find driver
[2022-07-06 18:00:39]: Error with DB Connection, could not find driver
[2022-07-06 18:01:15]: Error with DB Connection, could not find driver
[2022-07-06 18:02:05]: Error with DB Connection, could not find driver
[2022-07-06 18:02:36]: Error with DB Connection, could not find driver
[2022-07-06 18:03:08]: Error with DB Connection, could not find driver
[2022-07-06 18:03:38]: Error with DB Connection, could not find driver
[2022-07-06 18:06:16]: Error with DB Connection, could not find driver
[2022-07-06 18:06:45]: Error with DB Connection, could not find driver
[2022-07-06 18:07:23]: Error with DB Connection, could not find driver
[2022-07-06 18:07:28]: Error with DB Connection, could not find driver
[2022-07-06 18:08:18]: Error with DB Connection, could not find driver
[2022-07-06 18:08:21]: Error with DB Connection, could not find driver
[2022-07-06 18:08:29]: Error with DB Connection, could not find driver
[2022-07-06 18:11:20]: Error with DB Connection, could not find driver
[2022-07-06 18:11:46]: Error with DB Connection, could not find driver
[2022-07-06 18:13:22]: Error with DB Connection, could not find driver
[2022-07-06 18:13:24]: Error with DB Connection, could not find driver
[2022-07-06 18:13:26]: Error with DB Connection, could not find driver
[2022-07-06 18:13:32]: Error with DB Connection, could not find driver
[2022-07-06 18:13:59]: Error with DB Connection, could not find driver
[2022-07-06 18:15:08]: Error with DB Connection, could not find driver
[2022-07-06 18:15:16]: Error with DB Connection, could not find driver
[2022-07-06 18:16:49]: Error with DB Connection, could not find driver
[2022-07-06 18:16:51]: Error with DB Connection, could not find driver
[2022-07-06 18:25:04]: Error with DB Connection, could not find driver
[2022-07-06 18:25:44]: Error with DB Connection, could not find driver
[2022-07-06 18:26:04]: Error with DB Connection, could not find driver
[2022-07-06 18:26:29]: Error with DB Connection, could not find driver
[2022-07-06 18:32:16]: Error with DB Connection, could not find driver
[2022-07-06 18:32:38]: Error with DB Connection, could not find driver
[2022-07-06 18:32:57]: Error with DB Connection, could not find driver
[2022-07-06 18:33:43]: Error with DB Connection, could not find driver
[2022-07-06 18:44:33]: An Bot has been detected.
[2022-07-06 18:44:33]: Error with DB Connection, could not find driver
[2022-07-06 18:44:44]: Error with DB Connection, could not find driver
[2022-07-06 18:44:46]: Error with DB Connection, could not find driver
[2022-07-06 18:44:47]: Error with DB Connection, could not find driver
[2022-07-06 18:44:49]: Error with DB Connection, could not find driver
[2022-07-06 18:45:25]: Error with DB Connection, could not find driver
[2022-07-06 18:45:26]: Error with DB Connection, could not find driver
[2022-07-06 18:45:27]: Error with DB Connection, could not find driver
[2022-07-06 18:45:28]: Error with DB Connection, could not find driver
[2022-07-06 18:45:29]: Error with DB Connection, could not find driver
[2022-07-06 18:45:30]: Error with DB Connection, could not find driver
[2022-07-06 18:45:31]: Error with DB Connection, could not find driver
[2022-07-06 18:45:40]: Error with DB Connection, could not find driver
[2022-07-06 18:49:15]: An Bot has been detected.
[2022-07-06 18:49:16]: Error with DB Connection, could not find driver
[2022-07-06 18:49:18]: Error with DB Connection, could not find driver
[2022-07-06 18:50:48]: Error with DB Connection, could not find driver
[2022-07-06 18:51:10]: Error with DB Connection, could not find driver
[2022-07-06 18:51:11]: Error with DB Connection, could not find driver
[2022-07-06 18:51:13]: Error with DB Connection, could not find driver
[2022-07-06 18:51:15]: Error with DB Connection, could not find driver
[2022-07-06 18:51:17]: Error with DB Connection, could not find driver
[2022-07-06 18:51:19]: Error with DB Connection, could not find driver
[2022-07-06 18:51:21]: Error with DB Connection, could not find driver
[2022-07-06 18:51:22]: Error with DB Connection, could not find driver
[2022-07-06 18:51:24]: Error with DB Connection, could not find driver
[2022-07-06 18:51:48]: Error with DB Connection, could not find driver
[2022-07-06 18:52:21]: Error with DB Connection, could not find driver
[2022-07-06 18:52:46]: Error with DB Connection, could not find driver
[2022-07-06 18:53:40]: Error with DB Connection, could not find driver
[2022-07-06 18:54:27]: Error with DB Connection, could not find driver
[2022-07-06 18:54:39]: Error with DB Connection, could not find driver
[2022-07-06 18:58:55]: Error with DB Connection, could not find driver
[2022-07-06 18:59:32]: Error with DB Connection, could not find driver
[2022-07-06 19:00:05]: Error with DB Connection, could not find driver
[2022-07-06 19:00:42]: Error with DB Connection, could not find driver
[2022-07-06 19:02:36]: Error with DB Connection, could not find driver
[2022-07-06 19:02:50]: Error with DB Connection, could not find driver
[2022-07-06 19:02:53]: Error with DB Connection, could not find driver
[2022-07-06 19:02:58]: Error with DB Connection, could not find driver
[2022-07-06 19:03:04]: Error with DB Connection, could not find driver
[2022-07-06 19:03:07]: Error with DB Connection, could not find driver
[2022-07-06 19:03:07]: Error with DB Connection, could not find driver
[2022-07-06 19:03:07]: Error with DB Connection, could not find driver
[2022-07-06 19:04:26]: Error while fetching Pages.
[2022-07-06 19:04:26]: Error with DB Connection, could not find driver
[2022-07-06 19:04:30]: Error with DB Connection, could not find driver
[2022-07-06 19:04:32]: Error with DB Connection, could not find driver
[2022-07-06 19:04:34]: Error with DB Connection, could not find driver
[2022-07-06 19:09:04]: Error with DB Connection, could not find driver
[2022-07-06 19:09:48]: Error with DB Connection, could not find driver
[2022-07-06 19:09:50]: Error with DB Connection, could not find driver
[2022-07-06 19:09:54]: Error with DB Connection, could not find driver
[2022-07-06 19:09:56]: Error with DB Connection, could not find driver
[2022-07-06 19:10:59]: Error with DB Connection, could not find driver
[2022-07-06 19:11:39]: Error with DB Connection, could not find driver
[2022-07-06 19:11:42]: Error with DB Connection, could not find driver
[2022-07-06 19:11:48]: Error with DB Connection, could not find driver
[2022-07-06 19:11:57]: Error with DB Connection, could not find driver
[2022-07-06 19:12:06]: Error with DB Connection, could not find driver
[2022-07-06 19:12:06]: Error with DB Connection, could not find driver
[2022-07-06 19:12:06]: Error with DB Connection, could not find driver
[2022-07-06 19:12:10]: Error with DB Connection, could not find driver
[2022-07-06 19:12:13]: Error with DB Connection, could not find driver
[2022-07-06 19:12:25]: Error with DB Connection, could not find driver
[2022-07-06 19:15:49]: Error with DB Connection, could not find driver
[2022-07-06 19:16:42]: Error with DB Connection, could not find driver
[2022-07-06 19:16:53]: Error with DB Connection, could not find driver
[2022-07-06 19:17:16]: Error with DB Connection, could not find driver
[2022-07-06 19:17:26]: Error with DB Connection, could not find driver
[2022-07-06 19:17:43]: Error with DB Connection, could not find driver
[2022-07-06 19:17:52]: Error with DB Connection, could not find driver
[2022-07-06 19:18:00]: Error with DB Connection, could not find driver
[2022-07-06 19:18:13]: Error with DB Connection, could not find driver
[2022-07-06 19:18:20]: Error with DB Connection, could not find driver
[2022-07-06 19:18:32]: Error with DB Connection, could not find driver
[2022-07-06 19:22:10]: Error with DB Connection, could not find driver
[2022-07-06 19:22:47]: Error with DB Connection, could not find driver
[2022-07-06 19:23:03]: Error with DB Connection, could not find driver
[2022-07-06 19:24:01]: Error with DB Connection, could not find driver
[2022-07-06 19:24:12]: Error with DB Connection, could not find driver
[2022-07-06 19:31:06]: Error with DB Connection, could not find driver
[2022-07-06 19:31:16]: Error with DB Connection, could not find driver
[2022-07-06 19:31:21]: Error with DB Connection, could not find driver
[2022-07-06 19:31:27]: Error with DB Connection, could not find driver
[2022-07-06 19:38:16]: Error with DB Connection, could not find driver
[2022-07-06 19:38:17]: Error with DB Connection, could not find driver
[2022-07-06 19:38:28]: Error with DB Connection, could not find driver
[2022-07-06 19:38:34]: Error with DB Connection, could not find driver
[2022-07-06 19:41:27]: Error with DB Connection, could not find driver
[2022-07-06 19:43:14]: Error with DB Connection, could not find driver
[2022-07-06 19:43:16]: Error with DB Connection, could not find driver
[2022-07-06 19:43:23]: Error with DB Connection, could not find driver
[2022-07-06 19:43:23]: Error with DB Connection, could not find driver
[2022-07-06 19:43:23]: Error with DB Connection, could not find driver
[2022-07-06 19:43:25]: Error with DB Connection, could not find driver
[2022-07-06 19:43:34]: Error with DB Connection, could not find driver
[2022-07-06 19:43:48]: Error with DB Connection, could not find driver
[2022-07-06 19:43:56]: Error with DB Connection, could not find driver
[2022-07-06 19:48:33]: Error with DB Connection, could not find driver
[2022-07-06 19:49:45]: Error with DB Connection, could not find driver
[2022-07-06 19:50:12]: Error with DB Connection, could not find driver
[2022-07-06 19:53:36]: Error with DB Connection, could not find driver
[2022-07-06 19:54:01]: Error with DB Connection, could not find driver
[2022-07-06 19:54:26]: Error with DB Connection, could not find driver
[2022-07-06 19:55:51]: Error with DB Connection, could not find driver
[2022-07-06 19:56:08]: Error with DB Connection, could not find driver
[2022-07-06 20:02:43]: Error with DB Connection, could not find driver
[2022-07-06 20:03:54]: Error with DB Connection, could not find driver
[2022-07-06 20:04:04]: Error with DB Connection, could not find driver
[2022-07-06 20:04:14]: Error with DB Connection, could not find driver
[2022-07-06 20:04:36]: Error with DB Connection, could not find driver
[2022-07-06 20:06:25]: Error with DB Connection, could not find driver
[2022-07-06 20:06:44]: Error with DB Connection, could not find driver
[2022-07-06 20:06:58]: Error with DB Connection, could not find driver
[2022-07-06 20:12:41]: Error with DB Connection, could not find driver
[2022-07-06 20:14:32]: Error with DB Connection, could not find driver
[2022-07-06 20:15:40]: Error with DB Connection, could not find driver
[2022-07-06 20:17:24]: Error with DB Connection, could not find driver
[2022-07-06 20:25:21]: Error with DB Connection, could not find driver
[2022-07-06 20:25:23]: Error with DB Connection, could not find driver
[2022-07-06 20:29:16]: Error with DB Connection, could not find driver
[2022-07-06 20:29:17]: Error with DB Connection, could not find driver
[2022-07-06 20:29:31]: Error with DB Connection, could not find driver
[2022-07-06 20:29:49]: Error with DB Connection, could not find driver
[2022-07-06 20:30:05]: Error with DB Connection, could not find driver
[2022-07-06 20:30:06]: Error with DB Connection, could not find driver
[2022-07-06 20:30:14]: Error with DB Connection, could not find driver
[2022-07-06 20:31:25]: Error with DB Connection, could not find driver
[2022-07-06 20:32:34]: Error with DB Connection, could not find driver
[2022-07-06 20:32:49]: Error with DB Connection, could not find driver
[2022-07-06 20:32:59]: Error with DB Connection, could not find driver
[2022-07-06 20:33:13]: Error with DB Connection, could not find driver
[2022-07-06 20:33:18]: Error with DB Connection, could not find driver
[2022-07-06 20:33:27]: Error with DB Connection, could not find driver
[2022-07-06 20:33:29]: Error with DB Connection, could not find driver
[2022-07-06 20:33:31]: Error with DB Connection, could not find driver
[2022-07-06 20:34:19]: Error with DB Connection, could not find driver
[2022-07-06 20:34:24]: Error with DB Connection, could not find driver
[2022-07-06 20:34:30]: Error with DB Connection, could not find driver
[2022-07-06 20:34:33]: Error with DB Connection, could not find driver
[2022-07-06 20:34:46]: Error with DB Connection, could not find driver
[2022-07-06 20:35:55]: Error with DB Connection, could not find driver
[2022-07-06 20:36:27]: Error with DB Connection, could not find driver
[2022-07-06 20:36:27]: Error with DB Connection, could not find driver
[2022-07-06 20:36:51]: Error with DB Connection, could not find driver
[2022-07-06 20:37:23]: Error with DB Connection, could not find driver
[2022-07-06 20:37:44]: Error with DB Connection, could not find driver
[2022-07-06 20:38:18]: Error with DB Connection, could not find driver
[2022-07-06 20:40:51]: Error with DB Connection, could not find driver
[2022-07-06 20:40:57]: Error with DB Connection, could not find driver
[2022-07-06 20:41:43]: Error with DB Connection, could not find driver
[2022-07-06 20:41:44]: Error with DB Connection, could not find driver
[2022-07-06 20:42:37]: Error with DB Connection, could not find driver
[2022-07-06 20:44:11]: Error with DB Connection, could not find driver
[2022-07-06 20:45:08]: Error with DB Connection, could not find driver
[2022-07-06 20:45:37]: Error with DB Connection, could not find driver
[2022-07-06 20:45:48]: Error with DB Connection, could not find driver
[2022-07-06 20:45:49]: Error with DB Connection, could not find driver
[2022-07-06 20:45:54]: Error with DB Connection, could not find driver
[2022-07-06 20:45:55]: Error with DB Connection, could not find driver
[2022-07-06 20:45:55]: Error with DB Connection, could not find driver
[2022-07-06 20:45:57]: Error with DB Connection, could not find driver
[2022-07-06 20:45:58]: Error with DB Connection, could not find driver
[2022-07-06 20:45:58]: Error with DB Connection, could not find driver
[2022-07-06 20:45:59]: Error with DB Connection, could not find driver
[2022-07-06 20:46:00]: Error with DB Connection, could not find driver
[2022-07-06 20:46:00]: Error with DB Connection, could not find driver
[2022-07-06 20:46:03]: Error with DB Connection, could not find driver
[2022-07-06 20:46:03]: Error with DB Connection, could not find driver
[2022-07-06 20:46:06]: Error with DB Connection, could not find driver
[2022-07-06 20:46:07]: Error with DB Connection, could not find driver
[2022-07-06 20:46:23]: Error with DB Connection, could not find driver
[2022-07-06 20:46:33]: Error with DB Connection, could not find driver
[2022-07-06 20:54:34]: Error with DB Connection, could not find driver
[2022-07-06 20:54:37]: Error with DB Connection, could not find driver
[2022-07-06 17:50:04]: Error with DB Connection, could not find driver
[2022-07-06 17:50:08]: Error with DB Connection, could not find driver
[2022-07-06 17:50:12]: Error with DB Connection, could not find driver
[2022-07-06 17:50:18]: Error with DB Connection, could not find driver
[2022-07-06 17:50:26]: Error with DB Connection, could not find driver
[2022-07-06 17:50:30]: Error with DB Connection, could not find driver
[2022-07-06 17:50:32]: Error with DB Connection, could not find driver
[2022-07-06 17:50:35]: Error with DB Connection, could not find driver
[2022-07-06 17:50:37]: Error with DB Connection, could not find driver
[2022-07-06 17:50:40]: Error with DB Connection, could not find driver
[2022-07-06 17:50:41]: Error with DB Connection, could not find driver
[2022-07-06 17:50:45]: Error with DB Connection, could not find driver
[2022-07-06 17:50:53]: Error with DB Connection, could not find driver
[2022-07-06 17:50:54]: Error with DB Connection, could not find driver
[2022-07-06 17:50:54]: Error with DB Connection, could not find driver
[2022-07-06 17:50:54]: Error while fetching articles.
[2022-07-06 17:50:54]: Error with DB Connection, could not find driver
[2022-07-06 17:51:02]: Error with DB Connection, could not find driver
[2022-07-06 17:51:10]: Error with DB Connection, could not find driver
[2022-07-06 17:51:17]: Error with DB Connection, could not find driver
[2022-07-06 17:51:24]: Error with DB Connection, could not find driver
[2022-07-06 17:51:29]: Error with DB Connection, could not find driver
[2022-07-06 17:51:31]: Error with DB Connection, could not find driver
[2022-07-06 17:52:24]: Error with DB Connection, could not find driver
[2022-07-06 17:53:38]: Error with DB Connection, could not find driver
[2022-07-06 17:58:26]: Error with DB Connection, could not find driver
[2022-07-06 17:58:26]: Error with DB Connection, could not find driver
[2022-07-06 18:00:17]: Error with DB Connection, could not find driver
[2022-07-06 18:00:17]: Error with DB Connection, could not find driver
[2022-07-06 18:00:22]: Error with DB Connection, could not find driver
[2022-07-06 18:00:22]: Error with DB Connection, could not find driver
[2022-07-06 18:00:22]: Error with DB Connection, could not find driver
[2022-07-06 18:00:22]: Error with DB Connection, could not find driver
[2022-07-06 18:00:22]: Error with DB Connection, could not find driver
[2022-07-06 18:00:22]: Error with DB Connection, could not find driver
[2022-07-06 18:00:22]: Error with DB Connection, could not find driver
[2022-07-06 18:00:22]: Error with DB Connection, could not find driver
[2022-07-06 18:00:22]: Error with DB Connection, could not find driver
[2022-07-06 18:00:22]: Error with DB Connection, could not find driver
[2022-07-06 18:00:24]: Error with DB Connection, could not find driver
[2022-07-06 18:00:24]: Error with DB Connection, could not find driver
[2022-07-06 18:00:24]: Error with DB Connection, could not find driver
[2022-07-06 18:00:31]: Error with DB Connection, could not find driver
[2022-07-06 18:00:31]: Error with DB Connection, could not find driver
[2022-07-06 18:00:40]: Error with DB Connection, could not find driver
[2022-07-06 18:00:40]: Error with DB Connection, could not find driver
[2022-07-06 18:00:40]: Error with DB Connection, could not find driver
[2022-07-06 18:00:41]: Error with DB Connection, could not find driver
[2022-07-06 18:00:41]: Error with DB Connection, could not find driver
[2022-07-06 18:00:41]: Error with DB Connection, could not find driver
[2022-07-06 18:00:41]: Error with DB Connection, could not find driver
[2022-07-06 18:00:41]: Error with DB Connection, could not find driver
[2022-07-06 18:00:46]: Error with DB Connection, could not find driver
[2022-07-06 18:00:46]: Error with DB Connection, could not find driver
[2022-07-06 18:01:15]: Error with DB Connection, could not find driver
[2022-07-06 18:01:15]: Error with DB Connection, could not find driver
[2022-07-06 18:13:00]: Error with DB Connection, could not find driver
[2022-07-06 18:13:00]: Error with DB Connection, could not find driver
[2022-07-06 18:13:01]: Error with DB Connection, could not find driver
[2022-07-06 18:13:01]: Error with DB Connection, could not find driver
[2022-07-06 18:16:39]: Error with DB Connection, could not find driver
[2022-07-06 18:16:39]: Error with DB Connection, could not find driver
[2022-07-06 18:16:40]: Error with DB Connection, could not find driver
[2022-07-06 18:16:40]: Error with DB Connection, could not find driver
[2022-07-06 18:16:40]: Error with DB Connection, could not find driver
[2022-07-06 18:16:40]: Error with DB Connection, could not find driver
[2022-07-06 18:16:40]: Error with DB Connection, could not find driver
[2022-07-06 18:16:40]: Error with DB Connection, could not find driver
[2022-07-06 18:17:43]: Error with DB Connection, could not find driver
[2022-07-06 18:17:43]: Error with DB Connection, could not find driver
[2022-07-06 18:21:55]: Error with DB Connection, could not find driver
[2022-07-06 18:21:56]: Error with DB Connection, could not find driver
[2022-07-06 18:23:14]: Error with DB Connection, could not find driver
[2022-07-06 18:23:14]: Error with DB Connection, could not find driver
[2022-07-06 18:23:15]: Error with DB Connection, could not find driver
[2022-07-06 18:23:15]: Error with DB Connection, could not find driver
[2022-07-06 18:23:35]: Error with DB Connection, could not find driver
[2022-07-06 18:23:35]: Error with DB Connection, could not find driver
[2022-07-06 18:23:36]: Error with DB Connection, could not find driver
[2022-07-06 18:23:36]: Error with DB Connection, could not find driver
[2022-07-06 18:23:36]: Error with DB Connection, could not find driver
[2022-07-06 18:23:36]: Error with DB Connection, could not find driver
[2022-07-06 18:23:36]: Error with DB Connection, could not find driver
[2022-07-06 18:23:36]: Error with DB Connection, could not find driver
[2022-07-06 18:23:36]: Error with DB Connection, could not find driver
[2022-07-06 18:23:37]: Error with DB Connection, could not find driver
[2022-07-06 18:23:37]: Error with DB Connection, could not find driver
[2022-07-06 18:23:37]: Error with DB Connection, could not find driver
[2022-07-06 18:23:37]: Error with DB Connection, could not find driver
[2022-07-06 18:23:37]: Error with DB Connection, could not find driver
[2022-07-06 18:23:37]: Error with DB Connection, could not find driver
[2022-07-06 18:23:37]: Error with DB Connection, could not find driver
[2022-07-06 18:24:39]: Error with DB Connection, could not find driver
[2022-07-06 18:24:39]: Error with DB Connection, could not find driver
[2022-07-06 18:25:06]: Error with DB Connection, could not find driver
[2022-07-06 18:25:06]: Error with DB Connection, could not find driver
[2022-07-06 18:25:28]: Error with DB Connection, could not find driver
[2022-07-06 18:25:28]: Error with DB Connection, could not find driver
[2022-07-06 18:26:24]: Error with DB Connection, could not find driver
[2022-07-06 18:26:24]: Error with DB Connection, could not find driver
[2022-07-06 18:26:40]: Error with DB Connection, could not find driver
[2022-07-06 18:26:40]: Error with DB Connection, could not find driver
[2022-07-06 18:26:54]: Error with DB Connection, could not find driver
[2022-07-06 18:26:54]: Error with DB Connection, could not find driver
[2022-07-06 18:31:20]: Error with DB Connection, could not find driver
[2022-07-06 18:31:20]: Error with DB Connection, could not find driver
[2022-07-06 18:32:47]: Error with DB Connection, could not find driver
[2022-07-06 18:32:47]: Error with DB Connection, could not find driver
[2022-07-06 18:41:17]: Error with DB Connection, could not find driver
[2022-07-06 18:41:17]: Error with DB Connection, could not find driver
[2022-07-06 18:43:58]: Error with DB Connection, could not find driver
[2022-07-06 18:43:58]: Error with DB Connection, could not find driver
[2022-07-06 18:44:09]: Error with DB Connection, could not find driver
[2022-07-06 18:44:09]: Error with DB Connection, could not find driver
[2022-07-06 18:48:00]: Error with DB Connection, could not find driver
[2022-07-06 18:48:00]: Error with DB Connection, could not find driver
[2022-07-06 18:48:35]: Error with DB Connection, could not find driver
[2022-07-06 18:48:35]: Error with DB Connection, could not find driver
[2022-07-06 18:49:36]: Error with DB Connection, could not find driver
[2022-07-06 18:49:36]: Error with DB Connection, could not find driver
[2022-07-06 18:50:18]: Error with DB Connection, could not find driver
[2022-07-06 18:50:18]: Error with DB Connection, could not find driver
[2022-07-06 18:50:56]: Error with DB Connection, could not find driver
[2022-07-06 18:50:56]: Error with DB Connection, could not find driver
[2022-07-06 18:51:02]: Error with DB Connection, could not find driver
[2022-07-06 18:51:02]: Error with DB Connection, could not find driver
[2022-07-06 18:51:23]: Error with DB Connection, could not find driver
[2022-07-06 18:51:23]: Error with DB Connection, could not find driver
[2022-07-06 18:51:38]: Error with DB Connection, could not find driver
[2022-07-06 18:51:38]: Error with DB Connection, could not find driver
[2022-07-06 19:00:39]: Error with DB Connection, could not find driver
[2022-07-06 19:00:40]: Error with DB Connection, could not find driver
[2022-07-08 19:49:16]: Error with DB Connection, could not find driver
[2022-07-08 19:49:17]: Error with DB Connection, could not find driver
[2022-07-08 19:49:17]: Error with DB Connection, could not find driver
[2022-07-08 19:51:04]: Error with DB Connection, could not find driver
[2022-07-08 19:51:04]: Error with DB Connection, could not find driver
[2022-07-08 19:52:32]: Error with DB Connection, could not find driver
[2022-07-08 19:52:33]: Error with DB Connection, could not find driver
[2022-07-08 19:54:14]: Error with DB Connection, could not find driver
[2022-07-08 19:54:15]: Error with DB Connection, could not find driver
[2022-07-08 19:54:25]: Error with DB Connection, could not find driver
[2022-07-08 19:54:25]: Error with DB Connection, could not find driver
[2022-07-08 19:56:14]: Error with DB Connection, could not find driver
[2022-07-08 19:56:15]: Error with DB Connection, could not find driver
[2022-07-08 19:56:22]: Error with DB Connection, could not find driver
[2022-07-08 19:56:22]: Error with DB Connection, could not find driver
[2022-07-08 19:59:58]: Error with DB Connection, could not find driver
[2022-07-08 19:59:58]: Error with DB Connection, could not find driver
[2022-07-08 20:01:15]: Error with DB Connection, could not find driver
[2022-07-08 20:01:15]: Error with DB Connection, could not find driver
[2022-07-08 20:02:51]: Error with DB Connection, could not find driver
[2022-07-08 20:02:52]: Error with DB Connection, could not find driver
[2022-07-08 20:03:23]: Error with DB Connection, could not find driver
[2022-07-08 20:03:23]: Error with DB Connection, could not find driver
[2022-07-08 20:05:11]: Error with DB Connection, could not find driver
[2022-07-08 20:05:12]: Error with DB Connection, could not find driver
[2022-07-08 20:13:12]: Error with DB Connection, could not find driver
[2022-07-08 20:13:13]: Error with DB Connection, could not find driver
[2022-07-08 20:13:38]: Error with DB Connection, could not find driver
[2022-07-08 20:13:38]: Error with DB Connection, could not find driver
[2022-07-08 20:14:57]: Error with DB Connection, could not find driver
[2022-07-08 20:14:57]: Error with DB Connection, could not find driver
[2022-07-08 20:17:02]: Error with DB Connection, could not find driver
[2022-07-08 20:17:03]: Error with DB Connection, could not find driver
[2022-07-08 20:18:16]: Error with DB Connection, could not find driver
[2022-07-08 20:18:17]: Error with DB Connection, could not find driver
[2022-07-08 20:18:50]: Error with DB Connection, could not find driver
[2022-07-08 20:18:50]: Error with DB Connection, could not find driver
[2022-07-08 20:19:15]: Error with DB Connection, could not find driver
[2022-07-08 20:19:15]: Error with DB Connection, could not find driver
[2022-07-08 20:20:04]: Error with DB Connection, could not find driver
[2022-07-08 20:20:05]: Error with DB Connection, could not find driver
[2022-07-08 20:20:43]: Error with DB Connection, could not find driver
[2022-07-08 20:20:43]: Error with DB Connection, could not find driver
[2022-07-08 20:21:31]: Error with DB Connection, could not find driver
[2022-07-08 20:21:32]: Error with DB Connection, could not find driver
[2022-07-08 20:22:12]: Error with DB Connection, could not find driver
[2022-07-08 20:22:12]: Error with DB Connection, could not find driver
[2022-07-08 20:22:21]: Error with DB Connection, could not find driver
[2022-07-08 20:22:22]: Error with DB Connection, could not find driver
[2022-07-08 20:22:30]: Error with DB Connection, could not find driver
[2022-07-08 20:22:30]: Error with DB Connection, could not find driver
[2022-07-08 20:22:36]: Error with DB Connection, could not find driver
[2022-07-08 20:22:37]: Error with DB Connection, could not find driver
[2022-07-08 20:22:43]: Error with DB Connection, could not find driver
[2022-07-08 20:22:43]: Error with DB Connection, could not find driver
[2022-07-08 20:24:10]: Error with DB Connection, could not find driver
[2022-07-08 20:24:11]: Error with DB Connection, could not find driver
[2022-07-08 20:24:22]: Error with DB Connection, could not find driver
[2022-07-08 20:24:23]: Error with DB Connection, could not find driver
[2022-07-08 20:24:24]: Error with DB Connection, could not find driver
[2022-07-08 20:25:17]: Error with DB Connection, could not find driver
[2022-07-08 20:25:17]: Error with DB Connection, could not find driver
[2022-07-08 20:25:34]: Error with DB Connection, could not find driver
[2022-07-08 20:25:34]: Error with DB Connection, could not find driver
[2022-07-08 20:26:28]: Error with DB Connection, could not find driver
[2022-07-08 20:26:28]: Error with DB Connection, could not find driver
[2022-07-08 20:27:49]: Error with DB Connection, could not find driver
[2022-07-08 20:27:50]: Error with DB Connection, could not find driver
[2022-07-08 20:29:40]: Error with DB Connection, could not find driver
[2022-07-08 20:29:42]: Error with DB Connection, could not find driver
[2022-07-08 20:30:02]: Error with DB Connection, could not find driver
[2022-07-08 20:30:03]: Error with DB Connection, could not find driver
[2022-07-08 20:30:12]: Error with DB Connection, could not find driver
[2022-07-08 20:30:12]: Error with DB Connection, could not find driver
[2022-07-08 20:30:35]: Error with DB Connection, could not find driver
[2022-07-08 20:30:35]: Error with DB Connection, could not find driver
[2022-07-08 20:30:50]: Error with DB Connection, could not find driver
[2022-07-08 20:30:59]: Error with DB Connection, could not find driver
[2022-07-08 20:31:05]: Error with DB Connection, could not find driver
[2022-07-11 07:30:04]: Error with DB Connection, could not find driver
[2022-07-11 07:30:04]: Error with DB Connection, could not find driver
[2022-07-11 07:30:54]: Error with DB Connection, could not find driver
[2022-07-11 07:30:54]: Error with DB Connection, could not find driver
[2022-07-11 07:31:45]: Error with DB Connection, could not find driver
[2022-07-11 07:31:46]: Error with DB Connection, could not find driver
[2022-07-11 07:33:44]: An Bot has been detected.
[2022-07-11 07:33:44]: Error with DB Connection, could not find driver
[2022-07-11 07:33:45]: Error with DB Connection, could not find driver
[2022-07-11 07:34:05]: Error with DB Connection, could not find driver
[2022-07-11 07:34:05]: Error with DB Connection, could not find driver
[2022-07-11 07:34:21]: Error with DB Connection, could not find driver
[2022-07-11 07:34:22]: Error with DB Connection, could not find driver
[2022-07-11 07:39:33]: An Bot has been detected.
[2022-07-11 07:39:33]: Error with DB Connection, could not find driver
[2022-07-11 07:39:33]: Error with DB Connection, could not find driver
[2022-07-11 07:39:42]: Error with DB Connection, could not find driver
[2022-07-11 07:39:42]: Error with DB Connection, could not find driver
[2022-07-11 07:40:26]: Error with DB Connection, could not find driver
[2022-07-11 07:40:26]: Error with DB Connection, could not find driver
[2022-07-11 07:40:38]: Error with DB Connection, could not find driver
[2022-07-11 07:41:43]: Error with DB Connection, could not find driver
[2022-07-11 07:41:44]: Error with DB Connection, could not find driver
[2022-07-11 07:41:49]: Error with DB Connection, could not find driver
[2022-07-11 07:41:50]: Error with DB Connection, could not find driver
[2022-07-11 07:41:51]: Error with DB Connection, could not find driver
[2022-07-11 07:41:51]: Error with DB Connection, could not find driver
[2022-07-11 07:41:52]: Error with DB Connection, could not find driver
[2022-07-11 07:41:52]: Error while fetching articles.
[2022-07-11 07:41:52]: Error with DB Connection, could not find driver
[2022-07-11 07:41:55]: Error with DB Connection, could not find driver
[2022-07-11 07:41:55]: Error with DB Connection, could not find driver
[2022-07-11 07:42:31]: Error with DB Connection, could not find driver
[2022-07-11 07:42:31]: Error with DB Connection, could not find driver
[2022-07-11 07:45:24]: Error with DB Connection, could not find driver
[2022-07-11 07:45:24]: Error with DB Connection, could not find driver
[2022-07-11 07:45:42]: Error with DB Connection, could not find driver
[2022-07-11 07:45:43]: Error with DB Connection, could not find driver
[2022-07-11 07:47:05]: Error with DB Connection, could not find driver
[2022-07-11 07:47:05]: Error with DB Connection, could not find driver
[2022-07-11 07:47:33]: Error with DB Connection, could not find driver
[2022-07-11 07:47:33]: Error with DB Connection, could not find driver
[2022-07-11 07:52:31]: Error with DB Connection, could not find driver
[2022-07-11 07:52:31]: Error with DB Connection, could not find driver
[2022-07-11 07:52:32]: Error with DB Connection, could not find driver
[2022-07-11 07:52:34]: Error with DB Connection, could not find driver
[2022-07-11 07:52:34]: Error with DB Connection, could not find driver
[2022-07-11 07:52:48]: Error with DB Connection, could not find driver
[2022-07-11 07:52:48]: Error with DB Connection, could not find driver
[2022-07-11 07:52:50]: Error with DB Connection, could not find driver
[2022-07-11 07:52:50]: Error with DB Connection, could not find driver
[2022-07-11 07:52:50]: Error with DB Connection, could not find driver
[2022-07-11 07:52:50]: Error while fetching articles.
[2022-07-11 07:52:50]: Error with DB Connection, could not find driver
[2022-07-11 07:52:59]: Error with DB Connection, could not find driver
[2022-07-11 07:52:59]: Error with DB Connection, could not find driver
[2022-07-11 07:53:07]: Error with DB Connection, could not find driver
[2022-07-11 07:53:07]: Error with DB Connection, could not find driver
[2022-07-11 07:53:10]: Error with DB Connection, could not find driver
[2022-07-11 07:53:10]: Error with DB Connection, could not find driver
[2022-07-11 07:53:10]: Error with DB Connection, could not find driver
[2022-07-11 07:53:10]: Error while fetching articles.
[2022-07-11 07:53:10]: Error with DB Connection, could not find driver
[2022-07-11 07:53:11]: Error with DB Connection, could not find driver
[2022-07-11 07:53:11]: Error with DB Connection, could not find driver
[2022-07-11 07:53:35]: Error with DB Connection, could not find driver
[2022-07-11 07:53:35]: Error with DB Connection, could not find driver
[2022-07-11 07:54:24]: Error with DB Connection, could not find driver
[2022-07-11 07:54:24]: Error with DB Connection, could not find driver
[2022-07-11 07:54:45]: Error with DB Connection, could not find driver
[2022-07-11 07:54:49]: Error with DB Connection, could not find driver
[2022-07-11 07:55:08]: Error with DB Connection, could not find driver
[2022-07-11 07:55:08]: Error with DB Connection, could not find driver
[2022-07-11 07:55:08]: Error while fetching articles.
[2022-07-11 07:55:08]: Error with DB Connection, could not find driver
[2022-07-11 07:55:34]: Error with DB Connection, could not find driver
[2022-07-11 07:55:36]: Error while fetching comments.
[2022-07-11 07:55:36]: Error with DB Connection, could not find driver
[2022-07-11 07:55:39]: Error while fetching Pages.
[2022-07-11 07:55:39]: Error with DB Connection, could not find driver
[2022-07-11 07:55:41]: Error with DB Connection, could not find driver
[2022-07-11 07:55:42]: Error while fetching articles.
[2022-07-11 07:55:42]: Error with DB Connection, could not find driver
[2022-07-11 07:55:44]: Error with DB Connection, could not find driver
[2022-07-11 07:55:46]: Error with DB Connection, could not find driver
[2022-07-11 07:55:52]: Error with DB Connection, could not find driver
[2022-07-11 07:55:52]: Error while fetching articles.
[2022-07-11 07:55:52]: Error with DB Connection, could not find driver
[2022-07-11 07:59:13]: Error with DB Connection, could not find driver
[2022-07-11 07:59:52]: Error while fetching articles.
[2022-07-11 07:59:52]: Error with DB Connection, could not find driver
[2022-07-11 07:59:54]: Error with DB Connection, could not find driver
[2022-07-11 07:59:56]: Error while fetching articles.
[2022-07-11 07:59:56]: Error with DB Connection, could not find driver
[2022-07-11 08:00:11]: Error with DB Connection, could not find driver
[2022-07-11 08:00:13]: Error while fetching Pages.
[2022-07-11 08:00:13]: Error with DB Connection, could not find driver
[2022-07-11 08:00:16]: Error while fetching comments.
[2022-07-11 08:00:16]: Error with DB Connection, could not find driver
[2022-07-11 08:00:17]: Error with DB Connection, could not find driver
[2022-07-11 08:00:20]: Error while fetching certifications.
[2022-07-11 08:00:20]: Error with DB Connection, could not find driver
[2022-07-11 08:00:22]: Error with DB Connection, could not find driver
[2022-07-11 08:00:25]: Error with DB Connection, could not find driver
[2022-07-11 08:02:52]: Error with DB Connection, could not find driver
[2022-07-11 08:02:54]: Error with DB Connection, could not find driver
[2022-07-11 08:03:02]: Error with DB Connection, could not find driver
[2022-07-11 08:19:31]: Error with DB Connection, could not find driver
[2022-07-11 08:19:31]: Error with DB Connection, could not find driver
[2022-07-11 08:19:31]: Error while fetching articles.
[2022-07-11 08:19:31]: Error with DB Connection, could not find driver
[2022-07-11 08:19:33]: Error with DB Connection, could not find driver
[2022-07-11 08:19:35]: Error with DB Connection, could not find driver
[2022-07-11 08:19:38]: Error with DB Connection, could not find driver
[2022-07-11 08:19:44]: Error with DB Connection, could not find driver
[2022-07-11 08:22:23]: Error with DB Connection, could not find driver
[2022-07-11 08:22:24]: Error with DB Connection, could not find driver
[2022-07-11 08:22:28]: Error with DB Connection, could not find driver
[2022-07-11 08:38:59]: Error with DB Connection, could not find driver
[2022-07-11 08:40:01]: Error with DB Connection, could not find driver
[2022-07-11 08:40:38]: Error with DB Connection, could not find driver
[2022-07-11 08:42:54]: Error with DB Connection, could not find driver
[2022-07-11 08:42:59]: Error with DB Connection, could not find driver
[2022-07-11 08:43:00]: Error with DB Connection, could not find driver
[2022-07-11 08:43:11]: Error with DB Connection, could not find driver
[2022-07-11 08:43:52]: Error with DB Connection, could not find driver
[2022-07-11 08:44:08]: Error with DB Connection, could not find driver
[2022-07-11 08:45:32]: Error with DB Connection, could not find driver
[2022-07-11 08:45:41]: Error with DB Connection, could not find driver
[2022-07-11 08:55:45]: Error with DB Connection, could not find driver
[2022-07-11 08:57:15]: Error with DB Connection, could not find driver
[2022-07-11 08:59:20]: Error with DB Connection, could not find driver
[2022-07-11 09:00:04]: Error with DB Connection, could not find driver
[2022-07-11 09:00:05]: Error with DB Connection, could not find driver
[2022-07-11 09:00:27]: Error with DB Connection, could not find driver
[2022-07-11 09:00:28]: Error with DB Connection, could not find driver
[2022-07-11 09:01:03]: Error with DB Connection, could not find driver
[2022-07-11 09:01:03]: Error with DB Connection, could not find driver
[2022-07-11 09:01:04]: Error with DB Connection, could not find driver
[2022-07-11 09:01:42]: Error with DB Connection, could not find driver
[2022-07-11 09:01:42]: Error with DB Connection, could not find driver
[2022-07-11 09:03:41]: Error with DB Connection, could not find driver
[2022-07-11 09:04:51]: Error with DB Connection, could not find driver
[2022-07-11 09:11:06]: Error with DB Connection, could not find driver
[2022-07-11 09:11:28]: Error with DB Connection, could not find driver
[2022-07-11 09:12:37]: Error with DB Connection, could not find driver
[2022-07-11 09:13:03]: Error with DB Connection, could not find driver
[2022-07-11 09:13:59]: Error with DB Connection, could not find driver
[2022-07-11 09:14:04]: Error with DB Connection, could not find driver
[2022-07-11 09:15:44]: Error with DB Connection, could not find driver
[2022-07-11 09:16:15]: Error with DB Connection, could not find driver
[2022-07-11 09:24:31]: Error with DB Connection, could not find driver
[2022-07-11 09:24:31]: Error with DB Connection, could not find driver
[2022-07-11 10:20:59]: Error with DB Connection, could not find driver
[2022-07-11 10:21:25]: Error with DB Connection, could not find driver
[2022-07-11 12:51:21]: Error with DB Connection, could not find driver
[2022-07-11 12:58:02]: Error with DB Connection, could not find driver
[2022-07-11 12:58:58]: Error with DB Connection, could not find driver
[2022-07-11 12:58:58]: Error with DB Connection, could not find driver
[2022-07-11 12:58:58]: Error with DB Connection, could not find driver
[2022-07-11 12:58:59]: Error with DB Connection, could not find driver
[2022-07-11 12:59:33]: Error with DB Connection, could not find driver
[2022-07-11 12:59:34]: Error with DB Connection, could not find driver
[2022-07-11 12:59:41]: Error with DB Connection, could not find driver
[2022-07-11 12:59:41]: Error with DB Connection, could not find driver
[2022-07-11 12:59:44]: Error with DB Connection, could not find driver
[2022-07-11 12:59:44]: Error with DB Connection, could not find driver
[2022-07-11 12:59:44]: Error with DB Connection, could not find driver
[2022-07-11 12:59:44]: Error with DB Connection, could not find driver
[2022-07-11 12:59:44]: Error with DB Connection, could not find driver
[2022-07-11 12:59:44]: Error with DB Connection, could not find driver
[2022-07-11 12:59:44]: Error with DB Connection, could not find driver
[2022-07-11 12:59:44]: Error with DB Connection, could not find driver
[2022-07-11 12:59:44]: Error with DB Connection, could not find driver
[2022-07-11 12:59:44]: Error with DB Connection, could not find driver
[2022-07-11 12:59:44]: Error with DB Connection, could not find driver
[2022-07-11 12:59:44]: Error with DB Connection, could not find driver
[2022-07-11 12:59:46]: Error with DB Connection, could not find driver
[2022-07-11 12:59:46]: Error with DB Connection, could not find driver
[2022-07-11 12:59:46]: Error with DB Connection, could not find driver
[2022-07-11 12:59:46]: Error with DB Connection, could not find driver
[2022-07-11 12:59:46]: Error with DB Connection, could not find driver
[2022-07-11 12:59:46]: Error with DB Connection, could not find driver
[2022-07-11 12:59:46]: Error with DB Connection, could not find driver
[2022-07-11 12:59:46]: Error with DB Connection, could not find driver
[2022-07-11 12:59:46]: Error with DB Connection, could not find driver
[2022-07-11 12:59:46]: Error with DB Connection, could not find driver
[2022-07-11 12:59:46]: Error with DB Connection, could not find driver
[2022-07-11 12:59:46]: Error with DB Connection, could not find driver
[2022-07-11 12:59:46]: Error with DB Connection, could not find driver
[2022-07-11 12:59:46]: Error with DB Connection, could not find driver
[2022-07-11 12:59:46]: Error with DB Connection, could not find driver
[2022-07-11 12:59:46]: Error with DB Connection, could not find driver
[2022-07-11 12:59:46]: Error with DB Connection, could not find driver
[2022-07-11 12:59:46]: Error with DB Connection, could not find driver
[2022-07-11 12:59:46]: Error with DB Connection, could not find driver
[2022-07-11 12:59:46]: Error with DB Connection, could not find driver
[2022-07-11 12:59:46]: Error with DB Connection, could not find driver
[2022-07-11 12:59:46]: Error with DB Connection, could not find driver
[2022-07-11 12:59:46]: Error with DB Connection, could not find driver
[2022-07-11 12:59:46]: Error with DB Connection, could not find driver
[2022-07-11 12:59:46]: Error with DB Connection, could not find driver
[2022-07-11 12:59:46]: Error with DB Connection, could not find driver
[2022-07-11 12:59:46]: Error with DB Connection, could not find driver
[2022-07-11 12:59:46]: Error with DB Connection, could not find driver
[2022-07-11 12:59:46]: Error with DB Connection, could not find driver
[2022-07-11 12:59:46]: Error with DB Connection, could not find driver
[2022-07-11 12:59:46]: Error with DB Connection, could not find driver
[2022-07-11 12:59:46]: Error with DB Connection, could not find driver
[2022-07-11 12:59:46]: Error with DB Connection, could not find driver
[2022-07-11 12:59:46]: Error with DB Connection, could not find driver
[2022-07-11 12:59:46]: Error with DB Connection, could not find driver
[2022-07-11 12:59:46]: Error with DB Connection, could not find driver
[2022-07-11 12:59:46]: Error with DB Connection, could not find driver
[2022-07-11 12:59:46]: Error with DB Connection, could not find driver
[2022-07-11 12:59:46]: Error with DB Connection, could not find driver
[2022-07-11 12:59:46]: Error with DB Connection, could not find driver
[2022-07-11 12:59:46]: Error with DB Connection, could not find driver
[2022-07-11 12:59:46]: Error with DB Connection, could not find driver
[2022-07-11 12:59:46]: Error with DB Connection, could not find driver
[2022-07-11 12:59:46]: Error with DB Connection, could not find driver
[2022-07-11 12:59:46]: Error with DB Connection, could not find driver
[2022-07-11 12:59:46]: Error with DB Connection, could not find driver
[2022-07-11 12:59:46]: Error with DB Connection, could not find driver
[2022-07-11 12:59:46]: Error with DB Connection, could not find driver
[2022-07-11 12:59:47]: Error with DB Connection, could not find driver
[2022-07-11 12:59:47]: Error with DB Connection, could not find driver
[2022-07-11 12:59:47]: Error with DB Connection, could not find driver
[2022-07-11 12:59:47]: Error with DB Connection, could not find driver
[2022-07-11 12:59:47]: Error with DB Connection, could not find driver
[2022-07-11 12:59:47]: Error with DB Connection, could not find driver
[2022-07-11 12:59:47]: Error with DB Connection, could not find driver
[2022-07-11 12:59:47]: Error with DB Connection, could not find driver
[2022-07-11 12:59:47]: Error with DB Connection, could not find driver
[2022-07-11 12:59:47]: Error with DB Connection, could not find driver
[2022-07-11 12:59:47]: Error with DB Connection, could not find driver
[2022-07-11 12:59:47]: Error with DB Connection, could not find driver
[2022-07-11 12:59:47]: Error with DB Connection, could not find driver
[2022-07-11 12:59:47]: Error with DB Connection, could not find driver
[2022-07-11 12:59:47]: Error with DB Connection, could not find driver
[2022-07-11 12:59:47]: Error with DB Connection, could not find driver
[2022-07-11 12:59:47]: Error with DB Connection, could not find driver
[2022-07-11 12:59:47]: Error with DB Connection, could not find driver
[2022-07-11 12:59:47]: Error with DB Connection, could not find driver
[2022-07-11 12:59:47]: Error with DB Connection, could not find driver
[2022-07-11 12:59:47]: Error with DB Connection, could not find driver
[2022-07-11 12:59:47]: Error with DB Connection, could not find driver
[2022-07-11 12:59:47]: Error with DB Connection, could not find driver
[2022-07-11 12:59:47]: Error with DB Connection, could not find driver
[2022-07-11 12:59:47]: Error with DB Connection, could not find driver
[2022-07-11 12:59:47]: Error with DB Connection, could not find driver
[2022-07-11 12:59:47]: Error with DB Connection, could not find driver
[2022-07-11 12:59:47]: Error with DB Connection, could not find driver
[2022-07-11 12:59:47]: Error with DB Connection, could not find driver
[2022-07-11 12:59:47]: Error with DB Connection, could not find driver
[2022-07-11 12:59:47]: Error with DB Connection, could not find driver
[2022-07-11 12:59:47]: Error with DB Connection, could not find driver
[2022-07-11 12:59:47]: Error with DB Connection, could not find driver
[2022-07-11 12:59:47]: Error with DB Connection, could not find driver
[2022-07-11 12:59:47]: Error with DB Connection, could not find driver
[2022-07-11 12:59:47]: Error with DB Connection, could not find driver
[2022-07-11 12:59:47]: Error with DB Connection, could not find driver
[2022-07-11 12:59:47]: Error with DB Connection, could not find driver
[2022-07-11 12:59:47]: Error with DB Connection, could not find driver
[2022-07-11 12:59:47]: Error with DB Connection, could not find driver
[2022-07-11 12:59:47]: Error with DB Connection, could not find driver
[2022-07-11 12:59:47]: Error with DB Connection, could not find driver
[2022-07-11 12:59:47]: Error with DB Connection, could not find driver
[2022-07-11 12:59:47]: Error with DB Connection, could not find driver
[2022-07-11 12:59:47]: Error with DB Connection, could not find driver
[2022-07-11 12:59:47]: Error with DB Connection, could not find driver
[2022-07-11 12:59:47]: Error with DB Connection, could not find driver
[2022-07-11 12:59:47]: Error with DB Connection, could not find driver
[2022-07-11 12:59:47]: Error with DB Connection, could not find driver
[2022-07-11 12:59:47]: Error with DB Connection, could not find driver
[2022-07-11 12:59:47]: Error with DB Connection, could not find driver
[2022-07-11 12:59:47]: Error with DB Connection, could not find driver
[2022-07-11 12:59:47]: Error with DB Connection, could not find driver
[2022-07-11 12:59:47]: Error with DB Connection, could not find driver
[2022-07-11 12:59:47]: Error with DB Connection, could not find driver
[2022-07-11 12:59:47]: Error with DB Connection, could not find driver
[2022-07-11 12:59:47]: Error with DB Connection, could not find driver
[2022-07-11 12:59:47]: Error with DB Connection, could not find driver
[2022-07-11 12:59:47]: Error with DB Connection, could not find driver
[2022-07-11 12:59:47]: Error with DB Connection, could not find driver
[2022-07-11 12:59:47]: Error with DB Connection, could not find driver
[2022-07-11 12:59:47]: Error with DB Connection, could not find driver
[2022-07-11 12:59:47]: Error with DB Connection, could not find driver
[2022-07-11 12:59:47]: Error with DB Connection, could not find driver
[2022-07-11 12:59:48]: Error with DB Connection, could not find driver
[2022-07-11 12:59:48]: Error with DB Connection, could not find driver
[2022-07-11 12:59:48]: Error with DB Connection, could not find driver
[2022-07-11 12:59:48]: Error with DB Connection, could not find driver
[2022-07-11 12:59:48]: Error with DB Connection, could not find driver
[2022-07-11 12:59:48]: Error with DB Connection, could not find driver
[2022-07-11 12:59:48]: Error with DB Connection, could not find driver
[2022-07-11 12:59:48]: Error with DB Connection, could not find driver
[2022-07-11 12:59:48]: Error with DB Connection, could not find driver
[2022-07-11 12:59:48]: Error with DB Connection, could not find driver
[2022-07-11 12:59:48]: Error with DB Connection, could not find driver
[2022-07-11 12:59:48]: Error with DB Connection, could not find driver
[2022-07-11 12:59:48]: Error with DB Connection, could not find driver
[2022-07-11 12:59:48]: Error with DB Connection, could not find driver
[2022-07-11 12:59:48]: Error with DB Connection, could not find driver
[2022-07-11 12:59:48]: Error with DB Connection, could not find driver
[2022-07-11 12:59:48]: Error with DB Connection, could not find driver
[2022-07-11 12:59:48]: Error with DB Connection, could not find driver
[2022-07-11 12:59:48]: Error with DB Connection, could not find driver
[2022-07-11 12:59:48]: Error with DB Connection, could not find driver
[2022-07-11 12:59:48]: Error with DB Connection, could not find driver
[2022-07-11 12:59:48]: Error with DB Connection, could not find driver
[2022-07-11 12:59:48]: Error with DB Connection, could not find driver
[2022-07-11 12:59:48]: Error with DB Connection, could not find driver
[2022-07-11 12:59:48]: Error with DB Connection, could not find driver
[2022-07-11 12:59:48]: Error with DB Connection, could not find driver
[2022-07-11 12:59:48]: Error with DB Connection, could not find driver
[2022-07-11 12:59:48]: Error with DB Connection, could not find driver
[2022-07-11 12:59:48]: Error with DB Connection, could not find driver
[2022-07-11 12:59:48]: Error with DB Connection, could not find driver
[2022-07-11 12:59:48]: Error with DB Connection, could not find driver
[2022-07-11 12:59:48]: Error with DB Connection, could not find driver
[2022-07-11 12:59:48]: Error with DB Connection, could not find driver
[2022-07-11 12:59:48]: Error with DB Connection, could not find driver
[2022-07-11 12:59:48]: Error with DB Connection, could not find driver
[2022-07-11 12:59:48]: Error with DB Connection, could not find driver
[2022-07-11 12:59:48]: Error with DB Connection, could not find driver
[2022-07-11 12:59:48]: Error with DB Connection, could not find driver
[2022-07-11 12:59:48]: Error with DB Connection, could not find driver
[2022-07-11 12:59:48]: Error with DB Connection, could not find driver
[2022-07-11 12:59:48]: Error with DB Connection, could not find driver
[2022-07-11 12:59:48]: Error with DB Connection, could not find driver
[2022-07-11 12:59:48]: Error with DB Connection, could not find driver
[2022-07-11 12:59:48]: Error with DB Connection, could not find driver
[2022-07-11 12:59:48]: Error with DB Connection, could not find driver
[2022-07-11 12:59:48]: Error with DB Connection, could not find driver
[2022-07-11 12:59:48]: Error with DB Connection, could not find driver
[2022-07-11 12:59:48]: Error with DB Connection, could not find driver
[2022-07-11 12:59:48]: Error with DB Connection, could not find driver
[2022-07-11 12:59:48]: Error with DB Connection, could not find driver
[2022-07-11 12:59:48]: Error with DB Connection, could not find driver
[2022-07-11 12:59:48]: Error with DB Connection, could not find driver
[2022-07-11 12:59:48]: Error with DB Connection, could not find driver
[2022-07-11 12:59:48]: Error with DB Connection, could not find driver
[2022-07-11 12:59:48]: Error with DB Connection, could not find driver
[2022-07-11 12:59:48]: Error with DB Connection, could not find driver
[2022-07-11 12:59:48]: Error with DB Connection, could not find driver
[2022-07-11 12:59:48]: Error with DB Connection, could not find driver
[2022-07-11 12:59:48]: Error with DB Connection, could not find driver
[2022-07-11 12:59:48]: Error with DB Connection, could not find driver
[2022-07-11 12:59:48]: Error with DB Connection, could not find driver
[2022-07-11 12:59:48]: Error with DB Connection, could not find driver
[2022-07-11 12:59:48]: Error with DB Connection, could not find driver
[2022-07-11 12:59:48]: Error with DB Connection, could not find driver
[2022-07-11 12:59:48]: Error with DB Connection, could not find driver
[2022-07-11 12:59:48]: Error with DB Connection, could not find driver
[2022-07-11 12:59:48]: Error with DB Connection, could not find driver
[2022-07-11 12:59:48]: Error with DB Connection, could not find driver
[2022-07-11 12:59:48]: Error with DB Connection, could not find driver
[2022-07-11 12:59:48]: Error with DB Connection, could not find driver
[2022-07-11 12:59:48]: Error with DB Connection, could not find driver
[2022-07-11 12:59:48]: Error with DB Connection, could not find driver
[2022-07-11 12:59:48]: Error with DB Connection, could not find driver
[2022-07-11 12:59:48]: Error with DB Connection, could not find driver
[2022-07-11 12:59:48]: Error with DB Connection, could not find driver
[2022-07-11 12:59:48]: Error with DB Connection, could not find driver
[2022-07-11 12:59:48]: Error with DB Connection, could not find driver
[2022-07-11 12:59:48]: Error with DB Connection, could not find driver
[2022-07-11 12:59:48]: Error with DB Connection, could not find driver
[2022-07-11 12:59:48]: Error with DB Connection, could not find driver
[2022-07-11 12:59:48]: Error with DB Connection, could not find driver
[2022-07-11 12:59:48]: Error with DB Connection, could not find driver
[2022-07-11 12:59:48]: Error with DB Connection, could not find driver
[2022-07-11 12:59:48]: Error with DB Connection, could not find driver
[2022-07-11 12:59:48]: Error with DB Connection, could not find driver
[2022-07-11 12:59:48]: Error with DB Connection, could not find driver
[2022-07-11 12:59:48]: Error with DB Connection, could not find driver
[2022-07-11 12:59:48]: Error with DB Connection, could not find driver
[2022-07-11 12:59:48]: Error with DB Connection, could not find driver
[2022-07-11 12:59:48]: Error with DB Connection, could not find driver
[2022-07-11 12:59:48]: Error with DB Connection, could not find driver
[2022-07-11 12:59:48]: Error with DB Connection, could not find driver
[2022-07-11 12:59:48]: Error with DB Connection, could not find driver
[2022-07-11 12:59:48]: Error with DB Connection, could not find driver
[2022-07-11 12:59:48]: Error with DB Connection, could not find driver
[2022-07-11 12:59:48]: Error with DB Connection, could not find driver
[2022-07-11 12:59:48]: Error with DB Connection, could not find driver
[2022-07-11 12:59:48]: Error with DB Connection, could not find driver
[2022-07-11 12:59:48]: Error with DB Connection, could not find driver
[2022-07-11 12:59:48]: Error with DB Connection, could not find driver
[2022-07-11 12:59:48]: Error with DB Connection, could not find driver
[2022-07-11 12:59:48]: Error with DB Connection, could not find driver
[2022-07-11 12:59:48]: Error with DB Connection, could not find driver
[2022-07-11 12:59:48]: Error with DB Connection, could not find driver
[2022-07-11 12:59:48]: Error with DB Connection, could not find driver
[2022-07-11 12:59:48]: Error with DB Connection, could not find driver
[2022-07-11 12:59:48]: Error with DB Connection, could not find driver
[2022-07-11 12:59:48]: Error with DB Connection, could not find driver
[2022-07-11 12:59:48]: Error with DB Connection, could not find driver
[2022-07-11 12:59:48]: Error with DB Connection, could not find driver
[2022-07-11 12:59:48]: Error with DB Connection, could not find driver
[2022-07-11 12:59:48]: Error with DB Connection, could not find driver
[2022-07-11 12:59:48]: Error with DB Connection, could not find driver
[2022-07-11 12:59:48]: Error with DB Connection, could not find driver
[2022-07-11 12:59:48]: Error with DB Connection, could not find driver
[2022-07-11 12:59:48]: Error with DB Connection, could not find driver
[2022-07-11 12:59:48]: Error with DB Connection, could not find driver
[2022-07-11 12:59:48]: Error with DB Connection, could not find driver
[2022-07-11 12:59:48]: Error with DB Connection, could not find driver
[2022-07-11 12:59:48]: Error with DB Connection, could not find driver
[2022-07-11 12:59:48]: Error with DB Connection, could not find driver
[2022-07-11 12:59:48]: Error with DB Connection, could not find driver
[2022-07-11 12:59:48]: Error with DB Connection, could not find driver
[2022-07-11 12:59:48]: Error with DB Connection, could not find driver
[2022-07-11 12:59:48]: Error with DB Connection, could not find driver
[2022-07-11 12:59:48]: Error with DB Connection, could not find driver
[2022-07-11 12:59:48]: Error with DB Connection, could not find driver
[2022-07-11 12:59:48]: Error with DB Connection, could not find driver
[2022-07-11 13:00:39]: Error with DB Connection, could not find driver
[2022-07-11 13:00:41]: Error with DB Connection, could not find driver
[2022-07-11 13:00:42]: Error with DB Connection, could not find driver
[2022-07-11 13:00:42]: Error with DB Connection, could not find driver
[2022-07-11 13:00:42]: Error with DB Connection, could not find driver
[2022-07-11 13:00:42]: Error with DB Connection, could not find driver
[2022-07-11 13:00:42]: Error with DB Connection, could not find driver
[2022-07-11 13:00:42]: Error with DB Connection, could not find driver
[2022-07-11 13:00:58]: Error with DB Connection, could not find driver
[2022-07-11 13:01:00]: Error with DB Connection, could not find driver
[2022-07-11 13:01:01]: Error with DB Connection, could not find driver
[2022-07-11 13:01:01]: Error with DB Connection, could not find driver
[2022-07-11 13:01:02]: Error with DB Connection, could not find driver
[2022-07-11 13:01:02]: Error with DB Connection, could not find driver
[2022-07-11 13:02:42]: Error with DB Connection, could not find driver
[2022-07-11 13:02:45]: Error with DB Connection, could not find driver
[2022-07-11 13:03:14]: Error with DB Connection, could not find driver
[2022-07-11 13:03:17]: Error with DB Connection, could not find driver
[2022-07-11 13:04:32]: Error with DB Connection, could not find driver
[2022-07-11 13:04:34]: Error with DB Connection, could not find driver
[2022-07-11 13:04:56]: Error with DB Connection, could not find driver
[2022-07-11 13:05:38]: Error with DB Connection, could not find driver
[2022-07-11 13:10:11]: Error with DB Connection, could not find driver
[2022-07-11 13:11:01]: Error with DB Connection, could not find driver
[2022-07-11 13:12:28]: Error with DB Connection, could not find driver
[2022-07-11 13:12:34]: Error with DB Connection, could not find driver
[2022-07-11 13:12:37]: Error with DB Connection, could not find driver
[2022-07-11 13:12:41]: Error with DB Connection, could not find driver
[2022-07-11 13:12:46]: Error with DB Connection, could not find driver
[2022-07-11 13:13:28]: Error with DB Connection, could not find driver
[2022-07-11 13:13:28]: Error with DB Connection, could not find driver
[2022-07-11 13:13:29]: Error with DB Connection, could not find driver
[2022-07-11 13:13:29]: Error with DB Connection, could not find driver
[2022-07-11 13:14:34]: Error with DB Connection, could not find driver
[2022-07-11 13:15:56]: Error with DB Connection, could not find driver
[2022-07-11 13:16:36]: Error with DB Connection, could not find driver
[2022-07-11 13:17:45]: Error with DB Connection, could not find driver
[2022-07-11 13:19:48]: Error with DB Connection, could not find driver
[2022-07-11 13:26:18]: Error with DB Connection, could not find driver
[2022-07-11 13:27:34]: Error with DB Connection, could not find driver
[2022-07-11 13:27:35]: Error with DB Connection, could not find driver
[2022-07-11 13:28:10]: Error with DB Connection, could not find driver
[2022-07-11 13:28:53]: Error with DB Connection, could not find driver
[2022-07-11 13:29:42]: Error with DB Connection, could not find driver
[2022-07-11 13:31:17]: Error with DB Connection, could not find driver
[2022-07-11 13:32:05]: Error with DB Connection, could not find driver
[2022-07-11 13:32:06]: Error with DB Connection, could not find driver
[2022-07-11 13:32:07]: Error with DB Connection, could not find driver
[2022-07-11 13:32:51]: Error with DB Connection, could not find driver
[2022-07-11 13:34:43]: Error with DB Connection, could not find driver
[2022-07-11 13:34:48]: Error with DB Connection, could not find driver
[2022-07-11 13:34:50]: Error with DB Connection, could not find driver
[2022-07-11 13:34:58]: Error with DB Connection, could not find driver
[2022-07-11 13:35:02]: Error with DB Connection, could not find driver
[2022-07-11 13:35:18]: Error with DB Connection, could not find driver
[2022-07-11 13:35:21]: Error with DB Connection, could not find driver
[2022-07-11 13:37:43]: Error with DB Connection, could not find driver
[2022-07-11 13:37:55]: Error with DB Connection, could not find driver
[2022-07-11 13:38:01]: Error with DB Connection, could not find driver
[2022-07-11 13:38:06]: Error with DB Connection, could not find driver
[2022-07-11 13:38:09]: Error with DB Connection, could not find driver
[2022-07-11 13:38:19]: Error with DB Connection, could not find driver
[2022-07-11 13:38:21]: Error with DB Connection, could not find driver
[2022-07-11 13:38:23]: Error with DB Connection, could not find driver
[2022-07-11 13:38:27]: Error with DB Connection, could not find driver
[2022-07-11 13:38:33]: Error with DB Connection, could not find driver
[2022-07-11 13:38:37]: Error with DB Connection, could not find driver
[2022-07-11 13:38:43]: Error with DB Connection, could not find driver
[2022-07-11 13:39:30]: Error with DB Connection, could not find driver
[2022-07-11 13:40:52]: Error with DB Connection, could not find driver
[2022-07-11 13:42:24]: Error with DB Connection, could not find driver
[2022-07-11 13:42:59]: Error with DB Connection, could not find driver
[2022-07-11 13:44:23]: Error with DB Connection, could not find driver
[2022-07-11 13:45:12]: Error with DB Connection, could not find driver
[2022-07-11 13:55:53]: Error with DB Connection, could not find driver
[2022-07-11 13:56:02]: Error with DB Connection, could not find driver
[2022-07-11 13:56:02]: Error with DB Connection, could not find driver
[2022-07-11 13:56:27]: Error with DB Connection, could not find driver
[2022-07-11 13:56:47]: Error with DB Connection, could not find driver
[2022-07-11 13:56:47]: Error with DB Connection, could not find driver
[2022-07-11 13:56:47]: Error while fetching articles.
[2022-07-11 13:56:47]: Error with DB Connection, could not find driver
[2022-07-11 13:56:54]: Error with DB Connection, could not find driver
[2022-07-11 13:56:54]: Error with DB Connection, could not find driver
[2022-07-11 13:56:54]: Error while fetching articles.
[2022-07-11 13:56:54]: Error with DB Connection, could not find driver
[2022-07-11 13:56:58]: Error with DB Connection, could not find driver
[2022-07-11 13:56:58]: Error with DB Connection, could not find driver
[2022-07-11 13:58:53]: Error with DB Connection, could not find driver
[2022-07-11 13:58:53]: Error with DB Connection, could not find driver
[2022-07-11 13:58:53]: Error while fetching articles.
[2022-07-11 13:58:53]: Error with DB Connection, could not find driver
[2022-07-11 13:59:02]: Error with DB Connection, could not find driver
[2022-07-11 13:59:09]: Error with DB Connection, could not find driver
[2022-07-11 13:59:14]: Error with DB Connection, could not find driver
[2022-07-11 13:59:14]: Error with DB Connection, could not find driver
[2022-07-11 13:59:14]: Error while fetching articles.
[2022-07-11 13:59:14]: Error with DB Connection, could not find driver
[2022-07-11 13:59:33]: Error with DB Connection, could not find driver
[2022-07-11 14:00:24]: Error with DB Connection, could not find driver
[2022-07-11 14:03:25]: Error with DB Connection, could not find driver
[2022-07-11 14:03:28]: Error with DB Connection, could not find driver
[2022-07-11 14:03:32]: Error with DB Connection, could not find driver
[2022-07-11 14:10:41]: Error with DB Connection, could not find driver
[2022-07-11 14:11:12]: Error with DB Connection, could not find driver
[2022-07-11 14:11:38]: Error with DB Connection, could not find driver
[2022-07-11 14:12:19]: Error with DB Connection, could not find driver
[2022-07-11 14:16:59]: Error with DB Connection, could not find driver
[2022-07-11 14:17:17]: Error with DB Connection, could not find driver
[2022-07-11 14:17:17]: Error with DB Connection, could not find driver
[2022-07-11 14:17:48]: Error with DB Connection, could not find driver
[2022-07-11 14:27:05]: Error with DB Connection, could not find driver
[2022-07-11 14:27:07]: Error with DB Connection, could not find driver
[2022-07-11 14:27:23]: Error with DB Connection, could not find driver
[2022-07-11 14:27:47]: Error with DB Connection, could not find driver
[2022-07-11 14:28:05]: Error with DB Connection, could not find driver
[2022-07-11 14:28:10]: Error with DB Connection, could not find driver
[2022-07-11 14:28:19]: Error with DB Connection, could not find driver
[2022-07-11 14:28:21]: Error with DB Connection, could not find driver
[2022-07-11 14:29:04]: Error with DB Connection, could not find driver
[2022-07-11 14:29:08]: Error with DB Connection, could not find driver
[2022-07-11 14:29:47]: Error with DB Connection, could not find driver
[2022-07-11 14:29:49]: Error with DB Connection, could not find driver
[2022-07-11 14:30:07]: Error with DB Connection, could not find driver
[2022-07-11 14:30:08]: Error with DB Connection, could not find driver
[2022-07-11 14:30:26]: Error with DB Connection, could not find driver
[2022-07-11 14:30:28]: Error with DB Connection, could not find driver
[2022-07-11 14:30:33]: Error with DB Connection, could not find driver
[2022-07-11 14:30:34]: Error with DB Connection, could not find driver
[2022-07-11 14:30:39]: Error with DB Connection, could not find driver
[2022-07-11 14:30:41]: Error with DB Connection, could not find driver
[2022-07-11 14:31:26]: Error with DB Connection, could not find driver
[2022-07-11 14:31:30]: Error with DB Connection, could not find driver
[2022-07-11 14:31:31]: Error with DB Connection, could not find driver
[2022-07-11 14:31:31]: Error with DB Connection, could not find driver
[2022-07-11 14:31:32]: Error with DB Connection, could not find driver
[2022-07-11 14:31:33]: Error with DB Connection, could not find driver
[2022-07-11 14:31:58]: Error with DB Connection, could not find driver
[2022-07-11 14:32:18]: Error with DB Connection, could not find driver
[2022-07-11 14:34:25]: Error with DB Connection, could not find driver
[2022-07-11 14:35:09]: Error with DB Connection, could not find driver
[2022-07-11 14:48:48]: Error with DB Connection, could not find driver
[2022-07-11 14:48:59]: Error with DB Connection, could not find driver
[2022-07-11 14:48:59]: Error with DB Connection, could not find driver
[2022-07-11 14:50:20]: Error with DB Connection, could not find driver
[2022-07-11 14:51:23]: Error with DB Connection, could not find driver
[2022-07-11 14:53:25]: Error with DB Connection, could not find driver
[2022-07-11 14:53:59]: Error with DB Connection, could not find driver
[2022-07-11 14:56:10]: Error with DB Connection, could not find driver
[2022-07-11 14:56:42]: Error with DB Connection, could not find driver
[2022-07-11 14:57:43]: Error with DB Connection, could not find driver
[2022-07-11 14:58:41]: Error with DB Connection, could not find driver
[2022-07-11 14:59:20]: Error with DB Connection, could not find driver
[2022-07-11 15:01:40]: Error with DB Connection, could not find driver
[2022-07-11 15:06:28]: Error with DB Connection, could not find driver
[2022-07-11 15:08:11]: Error with DB Connection, could not find driver
[2022-07-11 15:08:24]: Error with DB Connection, could not find driver
[2022-07-11 15:08:37]: Error with DB Connection, could not find driver
[2022-07-11 15:09:06]: Error with DB Connection, could not find driver
[2022-07-11 15:09:10]: Error with DB Connection, could not find driver
[2022-07-11 15:09:12]: Error with DB Connection, could not find driver
[2022-07-11 15:09:15]: Error with DB Connection, could not find driver
[2022-07-11 15:09:19]: Error with DB Connection, could not find driver
[2022-07-11 15:10:30]: Error with DB Connection, could not find driver
[2022-07-11 15:10:33]: Error with DB Connection, could not find driver
[2022-07-11 15:10:38]: Error with DB Connection, could not find driver
[2022-07-11 15:10:40]: Error with DB Connection, could not find driver
[2022-07-11 15:10:47]: Error with DB Connection, could not find driver
[2022-07-11 15:11:21]: Error with DB Connection, could not find driver
[2022-07-11 15:11:25]: Error with DB Connection, could not find driver
[2022-07-11 15:49:30]: Error with DB Connection, could not find driver
[2022-07-11 15:49:33]: Error with DB Connection, could not find driver
[2022-07-11 15:49:46]: Error with DB Connection, could not find driver
[2022-07-11 15:49:57]: An Bot has been detected.
[2022-07-11 15:49:57]: Error with DB Connection, could not find driver
[2022-07-11 15:50:06]: Error with DB Connection, could not find driver
[2022-07-11 15:50:10]: Error with DB Connection, could not find driver
[2022-07-11 15:51:05]: Error with DB Connection, could not find driver
[2022-07-11 15:52:58]: Error with DB Connection, could not find driver
[2022-07-11 15:53:38]: Error with DB Connection, could not find driver
[2022-07-11 15:54:42]: Error with DB Connection, could not find driver
[2022-07-11 15:54:48]: Error with DB Connection, could not find driver
[2022-07-11 15:55:14]: Error with DB Connection, could not find driver
[2022-07-11 15:55:36]: Error with DB Connection, could not find driver
[2022-07-11 15:56:00]: Error with DB Connection, could not find driver
[2022-07-11 15:56:01]: Error with DB Connection, could not find driver
[2022-07-11 15:56:01]: Error with DB Connection, could not find driver
[2022-07-11 15:56:01]: Error while fetching articles.
[2022-07-11 15:56:01]: Error with DB Connection, could not find driver
[2022-07-11 15:56:07]: Error with DB Connection, could not find driver
[2022-07-11 15:56:17]: Error with DB Connection, could not find driver
[2022-07-11 15:56:27]: Error with DB Connection, could not find driver
[2022-07-11 15:56:40]: Error with DB Connection, could not find driver
[2022-07-11 15:57:24]: Error with DB Connection, could not find driver
[2022-07-11 16:20:53]: Error with DB Connection, could not find driver
[2022-07-11 16:20:54]: Error with DB Connection, could not find driver
[2022-07-11 16:21:05]: Error with DB Connection, could not find driver
[2022-07-11 16:25:39]: Error with DB Connection, could not find driver
[2022-07-11 16:26:00]: Error with DB Connection, could not find driver
[2022-07-11 16:30:02]: Error with DB Connection, could not find driver
[2022-07-11 16:30:33]: Error with DB Connection, could not find driver
[2022-07-11 16:35:14]: Error with DB Connection, could not find driver
[2022-07-11 16:35:59]: Error with DB Connection, could not find driver
[2022-07-11 16:36:50]: Error with DB Connection, could not find driver
[2022-07-11 16:37:19]: Error with DB Connection, could not find driver
[2022-07-11 16:37:34]: Error with DB Connection, could not find driver
[2022-07-11 16:37:36]: Error with DB Connection, could not find driver
[2022-07-11 16:37:59]: Error with DB Connection, could not find driver
[2022-07-11 16:38:37]: Error with DB Connection, could not find driver
[2022-07-11 16:38:48]: Error with DB Connection, could not find driver
[2022-07-11 16:39:47]: Error with DB Connection, could not find driver
[2022-07-11 16:42:33]: Error with DB Connection, could not find driver
[2022-07-11 16:42:47]: Error with DB Connection, could not find driver
[2022-07-11 16:42:49]: Error with DB Connection, could not find driver
[2022-07-11 16:43:09]: Error with DB Connection, could not find driver
[2022-07-11 16:43:10]: Error with DB Connection, could not find driver
[2022-07-11 16:43:15]: Error with DB Connection, could not find driver
[2022-07-11 16:43:27]: Error with DB Connection, could not find driver
[2022-07-11 16:43:30]: Error with DB Connection, could not find driver
[2022-07-11 16:43:31]: Error with DB Connection, could not find driver
[2022-07-11 16:43:32]: Error with DB Connection, could not find driver
[2022-07-11 16:43:41]: Error with DB Connection, could not find driver
[2022-07-11 16:43:46]: Error with DB Connection, could not find driver
[2022-07-11 16:43:52]: Error with DB Connection, could not find driver
[2022-07-11 16:44:06]: Error with DB Connection, could not find driver
[2022-07-11 16:44:21]: Error with DB Connection, could not find driver
[2022-07-11 16:44:28]: Error with DB Connection, could not find driver
[2022-07-11 16:45:04]: Error with DB Connection, could not find driver
[2022-07-11 16:50:56]: Error with DB Connection, could not find driver
[2022-07-11 16:51:21]: Error with DB Connection, could not find driver
[2022-07-11 16:55:37]: Error with DB Connection, could not find driver
[2022-07-11 16:55:46]: Error with DB Connection, could not find driver
[2022-07-11 16:56:20]: Error with DB Connection, could not find driver
[2022-07-11 16:57:11]: Error with DB Connection, could not find driver
[2022-07-11 16:57:29]: Error with DB Connection, could not find driver
[2022-07-11 16:57:53]: Error with DB Connection, could not find driver
[2022-07-11 16:58:00]: Error with DB Connection, could not find driver
[2022-07-11 16:58:06]: Error with DB Connection, could not find driver
